<?xml version="1.0" ?>
<!DOCTYPE coverage SYSTEM "http://cobertura.sourceforge.net/xml/coverage-04.dtd">
<coverage lines-valid="169" lines-covered="169" line-rate="1" branches-valid="27" branches-covered="25" branch-rate="0.9259000000000001" timestamp="1706693666719" complexity="0" version="0.1">
  <sources>
    <source>/home/ian/src/todo-issue-reopener</source>
  </sources>
  <packages>
    <package name="main" line-rate="1" branch-rate="0.9259000000000001">
      <classes>
        <class name="action.ts" filename="src/action.ts" line-rate="1" branch-rate="0.5">
          <methods>
            <method name="runAction" hits="3" signature="()V">
              <lines>
                <line number="20" hits="3"/>
              </lines>
            </method>
          </methods>
          <lines>
            <line number="15" hits="1" branch="false"/>
            <line number="17" hits="1" branch="false"/>
            <line number="18" hits="1" branch="false"/>
            <line number="20" hits="1" branch="false"/>
            <line number="21" hits="3" branch="false"/>
            <line number="22" hits="3" branch="false"/>
            <line number="23" hits="3" branch="false"/>
            <line number="24" hits="3" branch="false"/>
            <line number="26" hits="3" branch="false"/>
            <line number="28" hits="3" branch="false"/>
            <line number="29" hits="3" branch="false"/>
            <line number="30" hits="2" branch="false"/>
            <line number="32" hits="2" branch="true" condition-coverage="50% (1/2)"/>
            <line number="33" hits="2" branch="false"/>
          </lines>
        </class>
        <class name="config.ts" filename="src/config.ts" line-rate="1" branch-rate="1">
          <methods>
            <method name="readConfig" hits="7" signature="()V">
              <lines>
                <line number="25" hits="7"/>
              </lines>
            </method>
          </methods>
          <lines>
            <line number="15" hits="2" branch="false"/>
            <line number="17" hits="2" branch="false"/>
            <line number="19" hits="2" branch="false"/>
            <line number="25" hits="2" branch="false"/>
            <line number="27" hits="7" branch="false"/>
            <line number="28" hits="7" branch="false"/>
            <line number="30" hits="4" branch="false"/>
            <line number="31" hits="4" branch="false"/>
            <line number="34" hits="2" branch="false"/>
            <line number="35" hits="2" branch="true" condition-coverage="100% (1/1)"/>
            <line number="36" hits="1" branch="false"/>
            <line number="38" hits="1" branch="false"/>
          </lines>
        </class>
        <class name="reopener.ts" filename="src/reopener.ts" line-rate="1" branch-rate="1">
          <methods>
            <method name="(anonymous_13)" hits="1" signature="()V">
              <lines>
                <line number="31" hits="1"/>
              </lines>
            </method>
            <method name="(anonymous_14)" hits="9" signature="()V">
              <lines>
                <line number="40" hits="9"/>
              </lines>
            </method>
            <method name="(anonymous_15)" hits="12" signature="()V">
              <lines>
                <line number="55" hits="12"/>
              </lines>
            </method>
            <method name="matchLabel" hits="21" signature="()V">
              <lines>
                <line number="66" hits="21"/>
              </lines>
            </method>
            <method name="getTODOIssues" hits="10" signature="()V">
              <lines>
                <line number="105" hits="10"/>
              </lines>
            </method>
            <method name="reopenIssues" hits="6" signature="()V">
              <lines>
                <line number="171" hits="6"/>
              </lines>
            </method>
          </methods>
          <lines>
            <line number="15" hits="2" branch="false"/>
            <line number="16" hits="2" branch="false"/>
            <line number="18" hits="2" branch="false"/>
            <line number="19" hits="2" branch="false"/>
            <line number="20" hits="2" branch="false"/>
            <line number="22" hits="2" branch="false"/>
            <line number="25" hits="2" branch="false"/>
            <line number="26" hits="2" branch="false"/>
            <line number="28" hits="2" branch="false"/>
            <line number="30" hits="2" branch="false"/>
            <line number="32" hits="1" branch="false"/>
            <line number="35" hits="1" branch="false"/>
            <line number="40" hits="2" branch="false"/>
            <line number="41" hits="9" branch="false"/>
            <line number="42" hits="9" branch="false"/>
            <line number="43" hits="9" branch="false"/>
            <line number="44" hits="9" branch="false"/>
            <line number="45" hits="9" branch="false"/>
            <line number="46" hits="9" branch="false"/>
            <line number="47" hits="9" branch="false"/>
            <line number="51" hits="2" branch="false"/>
            <line number="53" hits="12" branch="false"/>
            <line number="56" hits="12" branch="false"/>
            <line number="60" hits="2" branch="false"/>
            <line number="66" hits="2" branch="false"/>
            <line number="67" hits="21" branch="false"/>
            <line number="68" hits="21" branch="false"/>
            <line number="70" hits="21" branch="true" condition-coverage="100% (1/1)"/>
            <line number="72" hits="15" branch="true" condition-coverage="100% (1/1)"/>
            <line number="76" hits="3" branch="false"/>
            <line number="79" hits="12" branch="false"/>
            <line number="83" hits="6" branch="false"/>
            <line number="85" hits="6" branch="true" condition-coverage="100% (3/3)"/>
            <line number="86" hits="3" branch="false"/>
            <line number="87" hits="3" branch="false"/>
            <line number="89" hits="3" branch="false"/>
            <line number="90" hits="2" branch="false"/>
            <line number="91" hits="2" branch="true" condition-coverage="100% (3/3)"/>
            <line number="92" hits="1" branch="false"/>
            <line number="95" hits="1" branch="false"/>
            <line number="96" hits="1" branch="false"/>
            <line number="101" hits="5" branch="false"/>
            <line number="105" hits="2" branch="false"/>
            <line number="109" hits="10" branch="false"/>
            <line number="117" hits="10" branch="false"/>
            <line number="118" hits="10" branch="false"/>
            <line number="120" hits="10" branch="false"/>
            <line number="121" hits="10" branch="false"/>
            <line number="128" hits="10" branch="false"/>
            <line number="130" hits="10" branch="false"/>
            <line number="131" hits="10" branch="false"/>
            <line number="140" hits="10" branch="false"/>
            <line number="141" hits="10" branch="true" condition-coverage="100% (1/1)"/>
            <line number="142" hits="1" branch="false"/>
            <line number="146" hits="9" branch="false"/>
            <line number="147" hits="9" branch="false"/>
            <line number="148" hits="11" branch="false"/>
            <line number="149" hits="11" branch="true" condition-coverage="100% (1/1)"/>
            <line number="150" hits="1" branch="false"/>
            <line number="152" hits="10" branch="false"/>
            <line number="154" hits="10" branch="false"/>
            <line number="155" hits="10" branch="true" condition-coverage="100% (1/1)"/>
            <line number="156" hits="3" branch="false"/>
            <line number="159" hits="7" branch="false"/>
            <line number="160" hits="7" branch="true" condition-coverage="100% (1/1)"/>
            <line number="161" hits="6" branch="false"/>
            <line number="163" hits="7" branch="false"/>
            <line number="164" hits="7" branch="false"/>
            <line number="167" hits="9" branch="false"/>
            <line number="171" hits="2" branch="false"/>
            <line number="177" hits="6" branch="false"/>
            <line number="178" hits="6" branch="false"/>
            <line number="179" hits="6" branch="false"/>
            <line number="181" hits="6" branch="false"/>
            <line number="182" hits="6" branch="true" condition-coverage="100% (1/1)"/>
            <line number="183" hits="1" branch="false"/>
            <line number="186" hits="5" branch="false"/>
            <line number="191" hits="5" branch="false"/>
            <line number="193" hits="5" branch="true" condition-coverage="100% (1/1)"/>
            <line number="194" hits="1" branch="false"/>
            <line number="197" hits="4" branch="false"/>
            <line number="198" hits="4" branch="true" condition-coverage="100% (1/1)"/>
            <line number="199" hits="1" branch="false"/>
            <line number="202" hits="4" branch="false"/>
            <line number="206" hits="4" branch="true" condition-coverage="100% (1/1)"/>
            <line number="207" hits="1" branch="false"/>
            <line number="211" hits="3" branch="false"/>
            <line number="218" hits="3" branch="false"/>
            <line number="219" hits="3" branch="false"/>
            <line number="221" hits="5" branch="false"/>
            <line number="229" hits="3" branch="false"/>
          </lines>
        </class>
        <class name="verifier.ts" filename="src/verifier.ts" line-rate="1" branch-rate="0.75">
          <methods>
            <method name="(anonymous_13)" hits="1" signature="()V">
              <lines>
                <line number="23" hits="1"/>
              </lines>
            </method>
            <method name="(anonymous_14)" hits="3" signature="()V">
              <lines>
                <line number="32" hits="3"/>
              </lines>
            </method>
            <method name="validateFileDigest" hits="8" signature="()V">
              <lines>
                <line number="45" hits="8"/>
              </lines>
            </method>
            <method name="downloadSLSAVerifier" hits="6" signature="()V">
              <lines>
                <line number="79" hits="6"/>
              </lines>
            </method>
            <method name="(anonymous_19)" hits="1" signature="()V">
              <lines>
                <line number="103" hits="1"/>
              </lines>
            </method>
            <method name="downloadAndVerifySLSA" hits="3" signature="()V">
              <lines>
                <line number="113" hits="3"/>
              </lines>
            </method>
          </methods>
          <lines>
            <line number="15" hits="3" branch="false"/>
            <line number="16" hits="3" branch="false"/>
            <line number="18" hits="3" branch="false"/>
            <line number="19" hits="3" branch="false"/>
            <line number="20" hits="3" branch="false"/>
            <line number="22" hits="3" branch="false"/>
            <line number="24" hits="1" branch="false"/>
            <line number="27" hits="1" branch="false"/>
            <line number="31" hits="3" branch="false"/>
            <line number="33" hits="3" branch="false"/>
            <line number="38" hits="3" branch="false"/>
            <line number="45" hits="3" branch="false"/>
            <line number="49" hits="8" branch="false"/>
            <line number="51" hits="8" branch="false"/>
            <line number="54" hits="8" branch="false"/>
            <line number="56" hits="8" branch="false"/>
            <line number="58" hits="7" branch="false"/>
            <line number="59" hits="7" branch="false"/>
            <line number="64" hits="1" branch="true" condition-coverage="50% (1/2)"/>
            <line number="65" hits="1" branch="false"/>
            <line number="68" hits="7" branch="false"/>
            <line number="70" hits="7" branch="true" condition-coverage="100% (1/1)"/>
            <line number="71" hits="3" branch="false"/>
            <line number="74" hits="4" branch="false"/>
            <line number="79" hits="3" branch="false"/>
            <line number="83" hits="6" branch="false"/>
            <line number="86" hits="6" branch="false"/>
            <line number="90" hits="5" branch="false"/>
            <line number="93" hits="5" branch="false"/>
            <line number="95" hits="3" branch="false"/>
            <line number="97" hits="3" branch="false"/>
            <line number="99" hits="3" branch="false"/>
            <line number="102" hits="3" branch="false"/>
            <line number="104" hits="1" branch="false"/>
            <line number="107" hits="1" branch="false"/>
            <line number="113" hits="3" branch="false"/>
            <line number="121" hits="3" branch="false"/>
            <line number="126" hits="3" branch="false"/>
            <line number="127" hits="3" branch="false"/>
            <line number="129" hits="3" branch="false"/>
            <line number="130" hits="3" branch="false"/>
            <line number="132" hits="3" branch="false"/>
            <line number="133" hits="2" branch="false"/>
            <line number="134" hits="2" branch="false"/>
            <line number="135" hits="2" branch="false"/>
            <line number="136" hits="2" branch="false"/>
            <line number="138" hits="2" branch="false"/>
            <line number="140" hits="2" branch="false"/>
            <line number="155" hits="2" branch="false"/>
            <line number="156" hits="2" branch="true" condition-coverage="100% (1/1)"/>
            <line number="157" hits="1" branch="false"/>
            <line number="160" hits="1" branch="false"/>
          </lines>
        </class>
      </classes>
    </package>
  </packages>
</coverage>
